2022-02-23 01:22:08,350 [INFO] com.iedaas.checklisttask.ChecklistTaskApplicationTests [main] Starting ChecklistTaskApplicationTests using Java 15.0.2 on yaambs18-Latitude-E7240 with PID 6963 (started by yaambs18 in /home/yaambs18/Desktop/Spring Assignment/checklist-task)
2022-02-23 01:22:08,358 [INFO] com.iedaas.checklisttask.ChecklistTaskApplicationTests [main] No active profile set, falling back to default profiles: default
2022-02-23 01:22:12,100 [INFO] org.springframework.boot.test.mock.web.SpringBootMockServletContext [main] Initializing Spring TestDispatcherServlet ''
2022-02-23 01:22:12,102 [INFO] org.springframework.test.web.servlet.TestDispatcherServlet [main] Initializing Servlet ''
2022-02-23 01:22:12,105 [INFO] org.springframework.test.web.servlet.TestDispatcherServlet [main] Completed initialization in 2 ms
2022-02-23 01:22:12,146 [INFO] com.iedaas.checklisttask.ChecklistTaskApplicationTests [main] Started ChecklistTaskApplicationTests in 4.491 seconds (JVM running for 7.629)
2022-02-23 01:22:12,384 [INFO] com.iedaas.checklisttask.controller.ChecklistTaskController [main] user uid :=8f0c8b00-a87d-4358-a8a7-66d1f0b540e6 fetching for their tasks
2022-02-23 01:24:54,563 [INFO] com.iedaas.checklisttask.ChecklistTaskApplicationTests [main] Starting ChecklistTaskApplicationTests using Java 15.0.2 on yaambs18-Latitude-E7240 with PID 7247 (started by yaambs18 in /home/yaambs18/Desktop/Spring Assignment/checklist-task)
2022-02-23 01:24:54,565 [INFO] com.iedaas.checklisttask.ChecklistTaskApplicationTests [main] No active profile set, falling back to default profiles: default
2022-02-23 01:24:57,637 [INFO] org.springframework.boot.test.mock.web.SpringBootMockServletContext [main] Initializing Spring TestDispatcherServlet ''
2022-02-23 01:24:57,637 [INFO] org.springframework.test.web.servlet.TestDispatcherServlet [main] Initializing Servlet ''
2022-02-23 01:24:57,640 [INFO] org.springframework.test.web.servlet.TestDispatcherServlet [main] Completed initialization in 3 ms
2022-02-23 01:24:57,698 [INFO] com.iedaas.checklisttask.ChecklistTaskApplicationTests [main] Started ChecklistTaskApplicationTests in 3.814 seconds (JVM running for 6.925)
2022-02-23 01:24:57,912 [INFO] com.iedaas.checklisttask.controller.ChecklistTaskController [main] user uid :=8f0c8b00-a87d-4358-a8a7-66d1f0b540e6 fetching for their tasks
2022-02-23 01:25:38,989 [INFO] com.iedaas.checklisttask.ChecklistTaskApplicationTests [main] Starting ChecklistTaskApplicationTests using Java 15.0.2 on yaambs18-Latitude-E7240 with PID 7372 (started by yaambs18 in /home/yaambs18/Desktop/Spring Assignment/checklist-task)
2022-02-23 01:25:38,991 [INFO] com.iedaas.checklisttask.ChecklistTaskApplicationTests [main] No active profile set, falling back to default profiles: default
2022-02-23 01:25:42,078 [INFO] org.springframework.boot.test.mock.web.SpringBootMockServletContext [main] Initializing Spring TestDispatcherServlet ''
2022-02-23 01:25:42,079 [INFO] org.springframework.test.web.servlet.TestDispatcherServlet [main] Initializing Servlet ''
2022-02-23 01:25:42,082 [INFO] org.springframework.test.web.servlet.TestDispatcherServlet [main] Completed initialization in 3 ms
2022-02-23 01:25:42,116 [INFO] com.iedaas.checklisttask.ChecklistTaskApplicationTests [main] Started ChecklistTaskApplicationTests in 3.768 seconds (JVM running for 6.733)
2022-02-23 01:25:42,301 [INFO] com.iedaas.checklisttask.controller.ChecklistTaskController [main] user uid :=8f0c8b00-a87d-4358-a8a7-66d1f0b540e6 fetching for their tasks
2022-02-23 01:27:02,491 [INFO] com.iedaas.checklisttask.ChecklistTaskApplicationTests [main] Starting ChecklistTaskApplicationTests using Java 15.0.2 on yaambs18-Latitude-E7240 with PID 7494 (started by yaambs18 in /home/yaambs18/Desktop/Spring Assignment/checklist-task)
2022-02-23 01:27:02,493 [INFO] com.iedaas.checklisttask.ChecklistTaskApplicationTests [main] No active profile set, falling back to default profiles: default
2022-02-23 01:27:05,248 [INFO] org.springframework.boot.test.mock.web.SpringBootMockServletContext [main] Initializing Spring TestDispatcherServlet ''
2022-02-23 01:27:05,249 [INFO] org.springframework.test.web.servlet.TestDispatcherServlet [main] Initializing Servlet ''
2022-02-23 01:27:05,250 [INFO] org.springframework.test.web.servlet.TestDispatcherServlet [main] Completed initialization in 1 ms
2022-02-23 01:27:05,285 [INFO] com.iedaas.checklisttask.ChecklistTaskApplicationTests [main] Started ChecklistTaskApplicationTests in 3.399 seconds (JVM running for 6.24)
2022-02-23 01:27:05,500 [INFO] com.iedaas.checklisttask.controller.ChecklistTaskController [main] user uid :=8f0c8b00-a87d-4358-a8a7-66d1f0b540e6 fetching for their tasks
2022-02-23 01:40:20,715 [INFO] com.iedaas.checklisttask.ChecklistTaskApplicationTests [main] Starting ChecklistTaskApplicationTests using Java 15.0.2 on yaambs18-Latitude-E7240 with PID 8006 (started by yaambs18 in /home/yaambs18/Desktop/Spring Assignment/checklist-task)
2022-02-23 01:40:20,717 [INFO] com.iedaas.checklisttask.ChecklistTaskApplicationTests [main] No active profile set, falling back to default profiles: default
2022-02-23 01:40:23,621 [INFO] org.springframework.boot.test.mock.web.SpringBootMockServletContext [main] Initializing Spring TestDispatcherServlet ''
2022-02-23 01:40:23,621 [INFO] org.springframework.test.web.servlet.TestDispatcherServlet [main] Initializing Servlet ''
2022-02-23 01:40:23,623 [INFO] org.springframework.test.web.servlet.TestDispatcherServlet [main] Completed initialization in 1 ms
2022-02-23 01:40:23,681 [INFO] com.iedaas.checklisttask.ChecklistTaskApplicationTests [main] Started ChecklistTaskApplicationTests in 3.556 seconds (JVM running for 6.373)
2022-02-23 01:41:17,008 [INFO] com.iedaas.checklisttask.ChecklistTaskApplicationTests [main] Starting ChecklistTaskApplicationTests using Java 15.0.2 on yaambs18-Latitude-E7240 with PID 8129 (started by yaambs18 in /home/yaambs18/Desktop/Spring Assignment/checklist-task)
2022-02-23 01:41:17,009 [INFO] com.iedaas.checklisttask.ChecklistTaskApplicationTests [main] No active profile set, falling back to default profiles: default
2022-02-23 01:41:20,248 [INFO] org.springframework.boot.test.mock.web.SpringBootMockServletContext [main] Initializing Spring TestDispatcherServlet ''
2022-02-23 01:41:20,249 [INFO] org.springframework.test.web.servlet.TestDispatcherServlet [main] Initializing Servlet ''
2022-02-23 01:41:20,251 [INFO] org.springframework.test.web.servlet.TestDispatcherServlet [main] Completed initialization in 2 ms
2022-02-23 01:41:20,295 [INFO] com.iedaas.checklisttask.ChecklistTaskApplicationTests [main] Started ChecklistTaskApplicationTests in 3.921 seconds (JVM running for 7.251)
2022-02-23 01:41:20,501 [INFO] com.iedaas.checklisttask.controller.ChecklistTaskController [main] user uid =8f0c8b00-a87d-4358-a8a7-66d1f0b540e6, checklistTaskUid :=557f0afd-7f20-4840-97d6-7243db63e2a9
2022-02-23 01:55:45,385 [INFO] com.iedaas.checklisttask.ChecklistTaskApplicationTests [main] Starting ChecklistTaskApplicationTests using Java 15.0.2 on yaambs18-Latitude-E7240 with PID 8888 (started by yaambs18 in /home/yaambs18/Desktop/Spring Assignment/checklist-task)
2022-02-23 01:55:45,388 [INFO] com.iedaas.checklisttask.ChecklistTaskApplicationTests [main] No active profile set, falling back to default profiles: default
2022-02-23 01:55:48,377 [INFO] org.springframework.boot.test.mock.web.SpringBootMockServletContext [main] Initializing Spring TestDispatcherServlet ''
2022-02-23 01:55:48,377 [INFO] org.springframework.test.web.servlet.TestDispatcherServlet [main] Initializing Servlet ''
2022-02-23 01:55:48,381 [INFO] org.springframework.test.web.servlet.TestDispatcherServlet [main] Completed initialization in 4 ms
2022-02-23 01:55:48,434 [INFO] com.iedaas.checklisttask.ChecklistTaskApplicationTests [main] Started ChecklistTaskApplicationTests in 3.617 seconds (JVM running for 6.435)
2022-02-23 01:55:48,751 [INFO] com.iedaas.checklisttask.controller.ChecklistTaskController [main] user uid :=8f0c8b00-a87d-4358-a8a7-66d1f0b540e6 adding checklist task DTO :=com.iedaas.checklisttask.dto.ChecklistTaskDTO@6682e6a5
2022-02-23 01:58:14,996 [INFO] com.iedaas.checklisttask.ChecklistTaskApplicationTests [main] Starting ChecklistTaskApplicationTests using Java 15.0.2 on yaambs18-Latitude-E7240 with PID 9062 (started by yaambs18 in /home/yaambs18/Desktop/Spring Assignment/checklist-task)
2022-02-23 01:58:15,000 [INFO] com.iedaas.checklisttask.ChecklistTaskApplicationTests [main] No active profile set, falling back to default profiles: default
2022-02-23 01:58:17,973 [INFO] org.springframework.boot.test.mock.web.SpringBootMockServletContext [main] Initializing Spring TestDispatcherServlet ''
2022-02-23 01:58:17,974 [INFO] org.springframework.test.web.servlet.TestDispatcherServlet [main] Initializing Servlet ''
2022-02-23 01:58:17,976 [INFO] org.springframework.test.web.servlet.TestDispatcherServlet [main] Completed initialization in 2 ms
2022-02-23 01:58:18,024 [INFO] com.iedaas.checklisttask.ChecklistTaskApplicationTests [main] Started ChecklistTaskApplicationTests in 3.641 seconds (JVM running for 6.421)
2022-02-23 01:58:18,332 [INFO] com.iedaas.checklisttask.controller.ChecklistTaskController [main] user uid :=8f0c8b00-a87d-4358-a8a7-66d1f0b540e6 adding checklist task DTO :=com.iedaas.checklisttask.dto.ChecklistTaskDTO@2cc75b25
2022-02-23 01:59:03,933 [INFO] com.iedaas.checklisttask.ChecklistTaskApplicationTests [main] Starting ChecklistTaskApplicationTests using Java 15.0.2 on yaambs18-Latitude-E7240 with PID 9187 (started by yaambs18 in /home/yaambs18/Desktop/Spring Assignment/checklist-task)
2022-02-23 01:59:03,935 [INFO] com.iedaas.checklisttask.ChecklistTaskApplicationTests [main] No active profile set, falling back to default profiles: default
2022-02-23 01:59:06,986 [INFO] org.springframework.boot.test.mock.web.SpringBootMockServletContext [main] Initializing Spring TestDispatcherServlet ''
2022-02-23 01:59:06,986 [INFO] org.springframework.test.web.servlet.TestDispatcherServlet [main] Initializing Servlet ''
2022-02-23 01:59:06,988 [INFO] org.springframework.test.web.servlet.TestDispatcherServlet [main] Completed initialization in 2 ms
2022-02-23 01:59:07,033 [INFO] com.iedaas.checklisttask.ChecklistTaskApplicationTests [main] Started ChecklistTaskApplicationTests in 3.67 seconds (JVM running for 6.798)
2022-02-23 01:59:07,341 [INFO] com.iedaas.checklisttask.controller.ChecklistTaskController [main] user uid :=8f0c8b00-a87d-4358-a8a7-66d1f0b540e6 adding checklist task DTO :=com.iedaas.checklisttask.dto.ChecklistTaskDTO@537b3b2e
2022-02-23 02:12:42,225 [INFO] com.iedaas.checklisttask.ChecklistTaskApplicationTests [main] Starting ChecklistTaskApplicationTests using Java 15.0.2 on yaambs18-Latitude-E7240 with PID 9664 (started by yaambs18 in /home/yaambs18/Desktop/Spring Assignment/checklist-task)
2022-02-23 02:12:42,226 [INFO] com.iedaas.checklisttask.ChecklistTaskApplicationTests [main] No active profile set, falling back to default profiles: default
2022-02-23 02:12:45,239 [INFO] org.springframework.boot.test.mock.web.SpringBootMockServletContext [main] Initializing Spring TestDispatcherServlet ''
2022-02-23 02:12:45,239 [INFO] org.springframework.test.web.servlet.TestDispatcherServlet [main] Initializing Servlet ''
2022-02-23 02:12:45,240 [INFO] org.springframework.test.web.servlet.TestDispatcherServlet [main] Completed initialization in 1 ms
2022-02-23 02:12:45,289 [INFO] com.iedaas.checklisttask.ChecklistTaskApplicationTests [main] Started ChecklistTaskApplicationTests in 3.677 seconds (JVM running for 6.664)
2022-02-23 02:12:45,595 [INFO] com.iedaas.checklisttask.controller.ChecklistTaskController [main] userUid :=8f0c8b00-a87d-4358-a8a7-66d1f0b540e6, checklistTaskUid :=557f0afd-7f20-4840-97d6-7243db63e2a9, checklistTaskDTO :=com.iedaas.checklisttask.dto.ChecklistTaskDTO@1cee2e10
